# JRE version: OpenJDK Runtime Environment (8.0_201-b09) (build 1.8.0_201-2-redhat-b09)
# Java VM: OpenJDK 64-Bit Server VM (25.201-b09 mixed mode windows-amd64 compressed oops)
Heap:
 garbage-first heap   total 114688K, used 62294K [0x00000000c0000000, 0x00000000c0100380, 0x0000000100000000)
  region size 1024K, 49 young (50176K), 9 survivors (9216K)
 Metaspace       used 33447K, capacity 35458K, committed 35760K, reserved 1081344K
  class space    used 3523K, capacity 4192K, committed 4272K, reserved 1048576K
GC Heap History (8 events):
Event: 1.941 GC heap before
{Heap before GC invocations=0 (full 0):
 garbage-first heap   total 114688K, used 24576K [0x00000000c0000000, 0x00000000c0100380, 0x0000000100000000)
  region size 1024K, 24 young (24576K), 0 survivors (0K)
 Metaspace       used 8657K, capacity 8832K, committed 9088K, reserved 1056768K
  class space    used 822K, capacity 857K, committed 896K, reserved 1048576K
Event: 1.949 GC heap after
Heap after GC invocations=1 (full 0):
 garbage-first heap   total 114688K, used 6118K [0x00000000c0000000, 0x00000000c0100380, 0x0000000100000000)
  region size 1024K, 3 young (3072K), 3 survivors (3072K)
 Metaspace       used 8657K, capacity 8832K, committed 9088K, reserved 1056768K
  class space    used 822K, capacity 857K, committed 896K, reserved 1048576K
}
Event: 2.940 GC heap before
{Heap before GC invocations=1 (full 0):
 garbage-first heap   total 114688K, used 36838K [0x00000000c0000000, 0x00000000c0100380, 0x0000000100000000)
  region size 1024K, 33 young (33792K), 3 survivors (3072K)
 Metaspace       used 18147K, capacity 19048K, committed 19200K, reserved 1067008K
  class space    used 1678K, capacity 1990K, committed 2048K, reserved 1048576K
Event: 2.954 GC heap after
Heap after GC invocations=2 (full 0):
 garbage-first heap   total 114688K, used 16881K [0x00000000c0000000, 0x00000000c0100380, 0x0000000100000000)
  region size 1024K, 5 young (5120K), 5 survivors (5120K)
 Metaspace       used 18147K, capacity 19048K, committed 19200K, reserved 1067008K
  class space    used 1678K, capacity 1990K, committed 2048K, reserved 1048576K
}
Event: 3.175 GC heap before
{Heap before GC invocations=2 (full 0):
 garbage-first heap   total 114688K, used 26097K [0x00000000c0000000, 0x00000000c0100380, 0x0000000100000000)
  region size 1024K, 15 young (15360K), 5 survivors (5120K)
 Metaspace       used 20222K, capacity 21190K, committed 21296K, reserved 1069056K
  class space    used 1955K, capacity 2324K, committed 2352K, reserved 1048576K
Event: 3.181 GC heap after
Heap after GC invocations=3 (full 0):
 garbage-first heap   total 114688K, used 18233K [0x00000000c0000000, 0x00000000c0100380, 0x0000000100000000)
  region size 1024K, 7 young (7168K), 7 survivors (7168K)
 Metaspace       used 20222K, capacity 21190K, committed 21296K, reserved 1069056K
  class space    used 1955K, capacity 2324K, committed 2352K, reserved 1048576K
}
Event: 4.100 GC heap before
{Heap before GC invocations=4 (full 0):
 garbage-first heap   total 114688K, used 75080K [0x00000000c0000000, 0x00000000c0100380, 0x0000000100000000)
  region size 1024K, 67 young (68608K), 7 survivors (7168K)
 Metaspace       used 25688K, capacity 26882K, committed 27184K, reserved 1073152K
  class space    used 2653K, capacity 3067K, committed 3120K, reserved 1048576K
Event: 4.113 GC heap after
Heap after GC invocations=5 (full 0):
 garbage-first heap   total 114688K, used 22358K [0x00000000c0000000, 0x00000000c0100380, 0x0000000100000000)
  region size 1024K, 9 young (9216K), 9 survivors (9216K)
 Metaspace       used 25688K, capacity 26882K, committed 27184K, reserved 1073152K
  class space    used 2653K, capacity 3067K, committed 3120K, reserved 1048576K
}

