# JRE version: OpenJDK Runtime Environment (8.0_201-b09) (build 1.8.0_201-2-redhat-b09)
# Java VM: OpenJDK 64-Bit Server VM (25.201-b09 mixed mode windows-amd64 compressed oops)
Heap:
 garbage-first heap   total 114688K, used 64054K [0x00000000c0000000, 0x00000000c0100380, 0x0000000100000000)
  region size 1024K, 52 young (53248K), 9 survivors (9216K)
 Metaspace       used 33505K, capacity 35548K, committed 35760K, reserved 1081344K
  class space    used 3529K, capacity 4223K, committed 4272K, reserved 1048576K
GC Heap History (8 events):
Event: 2.106 GC heap before
{Heap before GC invocations=0 (full 0):
 garbage-first heap   total 114688K, used 24576K [0x00000000c0000000, 0x00000000c0100380, 0x0000000100000000)
  region size 1024K, 24 young (24576K), 0 survivors (0K)
 Metaspace       used 8654K, capacity 8832K, committed 9088K, reserved 1056768K
  class space    used 822K, capacity 857K, committed 896K, reserved 1048576K
Event: 2.115 GC heap after
Heap after GC invocations=1 (full 0):
 garbage-first heap   total 114688K, used 6079K [0x00000000c0000000, 0x00000000c0100380, 0x0000000100000000)
  region size 1024K, 3 young (3072K), 3 survivors (3072K)
 Metaspace       used 8654K, capacity 8832K, committed 9088K, reserved 1056768K
  class space    used 822K, capacity 857K, committed 896K, reserved 1048576K
}
Event: 3.136 GC heap before
{Heap before GC invocations=1 (full 0):
 garbage-first heap   total 114688K, used 35775K [0x00000000c0000000, 0x00000000c0100380, 0x0000000100000000)
  region size 1024K, 32 young (32768K), 3 survivors (3072K)
 Metaspace       used 18136K, capacity 19016K, committed 19200K, reserved 1067008K
  class space    used 1677K, capacity 1958K, committed 2048K, reserved 1048576K
Event: 3.148 GC heap after
Heap after GC invocations=2 (full 0):
 garbage-first heap   total 114688K, used 16277K [0x00000000c0000000, 0x00000000c0100380, 0x0000000100000000)
  region size 1024K, 4 young (4096K), 4 survivors (4096K)
 Metaspace       used 18136K, capacity 19016K, committed 19200K, reserved 1067008K
  class space    used 1677K, capacity 1958K, committed 2048K, reserved 1048576K
}
Event: 3.342 GC heap before
{Heap before GC invocations=2 (full 0):
 garbage-first heap   total 114688K, used 25493K [0x00000000c0000000, 0x00000000c0100380, 0x0000000100000000)
  region size 1024K, 14 young (14336K), 4 survivors (4096K)
 Metaspace       used 20218K, capacity 21190K, committed 21296K, reserved 1069056K
  class space    used 1955K, capacity 2324K, committed 2352K, reserved 1048576K
Event: 3.347 GC heap after
Heap after GC invocations=3 (full 0):
 garbage-first heap   total 114688K, used 18628K [0x00000000c0000000, 0x00000000c0100380, 0x0000000100000000)
  region size 1024K, 7 young (7168K), 7 survivors (7168K)
 Metaspace       used 20218K, capacity 21190K, committed 21296K, reserved 1069056K
  class space    used 1955K, capacity 2324K, committed 2352K, reserved 1048576K
}
Event: 4.248 GC heap before
{Heap before GC invocations=4 (full 0):
 garbage-first heap   total 114688K, used 75055K [0x00000000c0000000, 0x00000000c0100380, 0x0000000100000000)
  region size 1024K, 67 young (68608K), 7 survivors (7168K)
 Metaspace       used 25716K, capacity 26882K, committed 27184K, reserved 1073152K
  class space    used 2653K, capacity 3067K, committed 3120K, reserved 1048576K
Event: 4.262 GC heap after
Heap after GC invocations=5 (full 0):
 garbage-first heap   total 114688K, used 21046K [0x00000000c0000000, 0x00000000c0100380, 0x0000000100000000)
  region size 1024K, 9 young (9216K), 9 survivors (9216K)
 Metaspace       used 25716K, capacity 26882K, committed 27184K, reserved 1073152K
  class space    used 2653K, capacity 3067K, committed 3120K, reserved 1048576K
}

