# JRE version: OpenJDK Runtime Environment (8.0_201-b09) (build 1.8.0_201-2-redhat-b09)
# Java VM: OpenJDK 64-Bit Server VM (25.201-b09 mixed mode windows-amd64 compressed oops)
Heap:
 garbage-first heap   total 114688K, used 67564K [0x00000000c0000000, 0x00000000c0100380, 0x0000000100000000)
  region size 1024K, 46 young (47104K), 9 survivors (9216K)
 Metaspace       used 39549K, capacity 41940K, committed 42032K, reserved 1087488K
  class space    used 4122K, capacity 4866K, committed 4912K, reserved 1048576K
GC Heap History (10 events):
Event: 1.020 GC heap before
{Heap before GC invocations=0 (full 0):
 garbage-first heap   total 114688K, used 24576K [0x00000000c0000000, 0x00000000c0100380, 0x0000000100000000)
  region size 1024K, 24 young (24576K), 0 survivors (0K)
 Metaspace       used 8666K, capacity 8832K, committed 9088K, reserved 1056768K
  class space    used 824K, capacity 857K, committed 896K, reserved 1048576K
Event: 1.029 GC heap after
Heap after GC invocations=1 (full 0):
 garbage-first heap   total 114688K, used 6111K [0x00000000c0000000, 0x00000000c0100380, 0x0000000100000000)
  region size 1024K, 3 young (3072K), 3 survivors (3072K)
 Metaspace       used 8666K, capacity 8832K, committed 9088K, reserved 1056768K
  class space    used 824K, capacity 857K, committed 896K, reserved 1048576K
}
Event: 1.730 GC heap before
{Heap before GC invocations=1 (full 0):
 garbage-first heap   total 114688K, used 36831K [0x00000000c0000000, 0x00000000c0100380, 0x0000000100000000)
  region size 1024K, 33 young (33792K), 3 survivors (3072K)
 Metaspace       used 18229K, capacity 19246K, committed 19456K, reserved 1067008K
  class space    used 1685K, capacity 1997K, committed 2048K, reserved 1048576K
Event: 1.741 GC heap after
Heap after GC invocations=2 (full 0):
 garbage-first heap   total 114688K, used 16836K [0x00000000c0000000, 0x00000000c0100380, 0x0000000100000000)
  region size 1024K, 5 young (5120K), 5 survivors (5120K)
 Metaspace       used 18229K, capacity 19246K, committed 19456K, reserved 1067008K
  class space    used 1685K, capacity 1997K, committed 2048K, reserved 1048576K
}
Event: 1.881 GC heap before
{Heap before GC invocations=2 (full 0):
 garbage-first heap   total 114688K, used 26052K [0x00000000c0000000, 0x00000000c0100380, 0x0000000100000000)
  region size 1024K, 15 young (15360K), 5 survivors (5120K)
 Metaspace       used 20188K, capacity 21190K, committed 21296K, reserved 1069056K
  class space    used 1953K, capacity 2324K, committed 2352K, reserved 1048576K
Event: 1.886 GC heap after
Heap after GC invocations=3 (full 0):
 garbage-first heap   total 114688K, used 17167K [0x00000000c0000000, 0x00000000c0100380, 0x0000000100000000)
  region size 1024K, 6 young (6144K), 6 survivors (6144K)
 Metaspace       used 20188K, capacity 21190K, committed 21296K, reserved 1069056K
  class space    used 1953K, capacity 2324K, committed 2352K, reserved 1048576K
}
Event: 2.668 GC heap before
{Heap before GC invocations=4 (full 0):
 garbage-first heap   total 114688K, used 75083K [0x00000000c0000000, 0x00000000c0100380, 0x0000000100000000)
  region size 1024K, 67 young (68608K), 6 survivors (6144K)
 Metaspace       used 25707K, capacity 26946K, committed 27184K, reserved 1073152K
  class space    used 2653K, capacity 3067K, committed 3120K, reserved 1048576K
Event: 2.681 GC heap after
Heap after GC invocations=5 (full 0):
 garbage-first heap   total 114688K, used 22236K [0x00000000c0000000, 0x00000000c0100380, 0x0000000100000000)
  region size 1024K, 9 young (9216K), 9 survivors (9216K)
 Metaspace       used 25707K, capacity 26946K, committed 27184K, reserved 1073152K
  class space    used 2653K, capacity 3067K, committed 3120K, reserved 1048576K
}
Event: 3.562 GC heap before
{Heap before GC invocations=5 (full 0):
 garbage-first heap   total 114688K, used 78556K [0x00000000c0000000, 0x00000000c0100380, 0x0000000100000000)
  region size 1024K, 65 young (66560K), 9 survivors (9216K)
 Metaspace       used 33880K, capacity 35866K, committed 35920K, reserved 1081344K
  class space    used 3571K, capacity 4265K, committed 4272K, reserved 1048576K
Event: 3.584 GC heap after
Heap after GC invocations=6 (full 0):
 garbage-first heap   total 114688K, used 36844K [0x00000000c0000000, 0x00000000c0100380, 0x0000000100000000)
  region size 1024K, 9 young (9216K), 9 survivors (9216K)
 Metaspace       used 33880K, capacity 35866K, committed 35920K, reserved 1081344K
  class space    used 3571K, capacity 4265K, committed 4272K, reserved 1048576K
}

