# JRE version: OpenJDK Runtime Environment (8.0_201-b09) (build 1.8.0_201-2-redhat-b09)
# Java VM: OpenJDK 64-Bit Server VM (25.201-b09 mixed mode windows-amd64 compressed oops)
Heap:
 garbage-first heap   total 114688K, used 58731K [0x00000000c0000000, 0x00000000c0100380, 0x0000000100000000)
  region size 1024K, 52 young (53248K), 8 survivors (8192K)
 Metaspace       used 24885K, capacity 26012K, committed 26288K, reserved 1073152K
  class space    used 2564K, capacity 2925K, committed 2992K, reserved 1048576K
GC Heap History (6 events):
Event: 0.987 GC heap before
{Heap before GC invocations=0 (full 0):
 garbage-first heap   total 114688K, used 24576K [0x00000000c0000000, 0x00000000c0100380, 0x0000000100000000)
  region size 1024K, 24 young (24576K), 0 survivors (0K)
 Metaspace       used 8660K, capacity 8832K, committed 9088K, reserved 1056768K
  class space    used 822K, capacity 857K, committed 896K, reserved 1048576K
Event: 0.993 GC heap after
Heap after GC invocations=1 (full 0):
 garbage-first heap   total 114688K, used 6126K [0x00000000c0000000, 0x00000000c0100380, 0x0000000100000000)
  region size 1024K, 3 young (3072K), 3 survivors (3072K)
 Metaspace       used 8660K, capacity 8832K, committed 9088K, reserved 1056768K
  class space    used 822K, capacity 857K, committed 896K, reserved 1048576K
}
Event: 1.644 GC heap before
{Heap before GC invocations=1 (full 0):
 garbage-first heap   total 114688K, used 36846K [0x00000000c0000000, 0x00000000c0100380, 0x0000000100000000)
  region size 1024K, 33 young (33792K), 3 survivors (3072K)
 Metaspace       used 18291K, capacity 19284K, committed 19456K, reserved 1067008K
  class space    used 1692K, capacity 2031K, committed 2048K, reserved 1048576K
Event: 1.655 GC heap after
Heap after GC invocations=2 (full 0):
 garbage-first heap   total 114688K, used 17163K [0x00000000c0000000, 0x00000000c0100380, 0x0000000100000000)
  region size 1024K, 5 young (5120K), 5 survivors (5120K)
 Metaspace       used 18291K, capacity 19284K, committed 19456K, reserved 1067008K
  class space    used 1692K, capacity 2031K, committed 2048K, reserved 1048576K
}
Event: 1.803 GC heap before
{Heap before GC invocations=2 (full 0):
 garbage-first heap   total 114688K, used 26379K [0x00000000c0000000, 0x00000000c0100380, 0x0000000100000000)
  region size 1024K, 15 young (15360K), 5 survivors (5120K)
 Metaspace       used 20217K, capacity 21190K, committed 21296K, reserved 1069056K
  class space    used 1956K, capacity 2324K, committed 2352K, reserved 1048576K
Event: 1.809 GC heap after
Heap after GC invocations=3 (full 0):
 garbage-first heap   total 114688K, used 19574K [0x00000000c0000000, 0x00000000c0100380, 0x0000000100000000)
  region size 1024K, 8 young (8192K), 8 survivors (8192K)
 Metaspace       used 20217K, capacity 21190K, committed 21296K, reserved 1069056K
  class space    used 1956K, capacity 2324K, committed 2352K, reserved 1048576K
}

