# JRE version: OpenJDK Runtime Environment (8.0_201-b09) (build 1.8.0_201-2-redhat-b09)
# Java VM: OpenJDK 64-Bit Server VM (25.201-b09 mixed mode windows-amd64 compressed oops)
Heap:
 garbage-first heap   total 114688K, used 32758K [0x00000000c0000000, 0x00000000c0100380, 0x0000000100000000)
  region size 1024K, 13 young (13312K), 9 survivors (9216K)
 Metaspace       used 34256K, capacity 36230K, committed 36508K, reserved 1081344K
  class space    used 3616K, capacity 4299K, committed 4348K, reserved 1048576K
GC Heap History (10 events):
Event: 0.998 GC heap before
{Heap before GC invocations=0 (full 0):
 garbage-first heap   total 114688K, used 24576K [0x00000000c0000000, 0x00000000c0100380, 0x0000000100000000)
  region size 1024K, 24 young (24576K), 0 survivors (0K)
 Metaspace       used 8654K, capacity 8832K, committed 9088K, reserved 1056768K
  class space    used 823K, capacity 857K, committed 896K, reserved 1048576K
Event: 1.006 GC heap after
Heap after GC invocations=1 (full 0):
 garbage-first heap   total 114688K, used 6071K [0x00000000c0000000, 0x00000000c0100380, 0x0000000100000000)
  region size 1024K, 3 young (3072K), 3 survivors (3072K)
 Metaspace       used 8654K, capacity 8832K, committed 9088K, reserved 1056768K
  class space    used 823K, capacity 857K, committed 896K, reserved 1048576K
}
Event: 1.675 GC heap before
{Heap before GC invocations=1 (full 0):
 garbage-first heap   total 114688K, used 36791K [0x00000000c0000000, 0x00000000c0100380, 0x0000000100000000)
  region size 1024K, 33 young (33792K), 3 survivors (3072K)
 Metaspace       used 18290K, capacity 19380K, committed 19584K, reserved 1067008K
  class space    used 1694K, capacity 2063K, committed 2176K, reserved 1048576K
Event: 1.688 GC heap after
Heap after GC invocations=2 (full 0):
 garbage-first heap   total 114688K, used 17636K [0x00000000c0000000, 0x00000000c0100380, 0x0000000100000000)
  region size 1024K, 5 young (5120K), 5 survivors (5120K)
 Metaspace       used 18290K, capacity 19380K, committed 19584K, reserved 1067008K
  class space    used 1694K, capacity 2063K, committed 2176K, reserved 1048576K
}
Event: 1.815 GC heap before
{Heap before GC invocations=2 (full 0):
 garbage-first heap   total 114688K, used 25828K [0x00000000c0000000, 0x00000000c0100380, 0x0000000100000000)
  region size 1024K, 14 young (14336K), 5 survivors (5120K)
 Metaspace       used 20181K, capacity 21190K, committed 21296K, reserved 1069056K
  class space    used 1953K, capacity 2324K, committed 2352K, reserved 1048576K
Event: 1.820 GC heap after
Heap after GC invocations=3 (full 0):
 garbage-first heap   total 114688K, used 18629K [0x00000000c0000000, 0x00000000c0100380, 0x0000000100000000)
  region size 1024K, 6 young (6144K), 6 survivors (6144K)
 Metaspace       used 20181K, capacity 21190K, committed 21296K, reserved 1069056K
  class space    used 1953K, capacity 2324K, committed 2352K, reserved 1048576K
}
Event: 2.591 GC heap before
{Heap before GC invocations=4 (full 0):
 garbage-first heap   total 114688K, used 75745K [0x00000000c0000000, 0x00000000c0100380, 0x0000000100000000)
  region size 1024K, 67 young (68608K), 6 survivors (6144K)
 Metaspace       used 25693K, capacity 26946K, committed 27184K, reserved 1073152K
  class space    used 2656K, capacity 3067K, committed 3120K, reserved 1048576K
Event: 2.601 GC heap after
Heap after GC invocations=5 (full 0):
 garbage-first heap   total 114688K, used 22207K [0x00000000c0000000, 0x00000000c0100380, 0x0000000100000000)
  region size 1024K, 9 young (9216K), 9 survivors (9216K)
 Metaspace       used 25693K, capacity 26946K, committed 27184K, reserved 1073152K
  class space    used 2656K, capacity 3067K, committed 3120K, reserved 1048576K
}
Event: 3.483 GC heap before
{Heap before GC invocations=5 (full 0):
 garbage-first heap   total 114688K, used 80575K [0x00000000c0000000, 0x00000000c0100380, 0x0000000100000000)
  region size 1024K, 67 young (68608K), 9 survivors (9216K)
 Metaspace       used 33893K, capacity 35872K, committed 35920K, reserved 1081344K
  class space    used 3570K, capacity 4266K, committed 4272K, reserved 1048576K
Event: 3.503 GC heap after
Heap after GC invocations=6 (full 0):
 garbage-first heap   total 114688K, used 35830K [0x00000000c0000000, 0x00000000c0100380, 0x0000000100000000)
  region size 1024K, 9 young (9216K), 9 survivors (9216K)
 Metaspace       used 33893K, capacity 35872K, committed 35920K, reserved 1081344K
  class space    used 3570K, capacity 4266K, committed 4272K, reserved 1048576K
}

